10 0.000000
10 0.000000
10 0.000000
11 0.000000
11 0.015625
11 0.000000
12 0.000000
12 0.000000
12 0.000000
13 0.015625
13 0.015625
13 0.000000
14 0.000000
14 0.000000
14 0.000000
15 0.000000
15 0.000000
15 0.000000
16 0.000000
16 0.000000
16 0.000000
17 0.015625
17 0.000000
17 0.000000
18 0.015625
18 0.000000
18 0.000000
19 0.000000
19 0.000000
19 0.000000
20 0.000000
20 0.015625
20 0.000000
21 0.000000
21 0.000000
21 0.000000
22 0.015625
22 0.000000
22 0.015625
23 0.000000
23 0.000000
23 0.015625
24 0.000000
24 0.000000
24 0.015625
25 0.000000
25 0.000000
25 0.000000
26 0.000000
26 0.000000
26 0.000000
27 0.000000
27 0.000000
27 0.000000
28 0.000000
28 0.000000
28 0.000000
29 0.000000
29 0.000000
29 0.000000
30 0.000000
30 0.000000
30 0.000000
31 0.000000
31 0.000000
31 0.000000
32 0.000000
32 0.015625
32 0.000000
33 0.000000
33 0.000000
33 0.000000
34 0.000000
34 0.000000
34 0.000000
35 0.015625
35 0.000000
35 0.000000
36 0.000000
36 0.000000
36 0.000000
37 0.000000
37 0.000000
37 0.000000
38 0.000000
38 0.000000
38 0.000000
39 0.000000
39 0.000000
39 0.000000
40 0.015625
40 0.000000
40 0.000000
42 0.015625
42 0.000000
42 0.000000
44 0.000000
44 0.000000
44 0.015625
46 0.000000
46 0.000000
46 0.000000
48 0.000000
48 0.015625
48 0.000000
50 0.000000
50 0.015625
50 0.000000
52 0.015625
52 0.000000
52 0.015625
54 0.000000
54 0.000000
54 0.000000
56 0.000000
56 0.000000
56 0.000000
58 0.000000
58 0.000000
58 0.000000
60 0.000000
60 0.000000
60 0.000000
62 0.000000
62 0.000000
62 0.015625
64 0.000000
64 0.000000
64 0.015625
66 0.000000
66 0.000000
66 0.000000
68 0.000000
68 0.000000
68 0.000000
70 0.015625
70 0.000000
70 0.000000
72 0.000000
72 0.000000
72 0.000000
74 0.000000
74 0.015625
74 0.000000
76 0.000000
76 0.000000
76 0.000000
78 0.000000
78 0.000000
78 0.000000
80 0.000000
80 0.000000
80 0.000000
82 0.000000
82 0.000000
82 0.000000
84 0.000000
84 0.000000
84 0.000000
86 0.000000
86 0.015625
86 0.000000
88 0.000000
88 0.000000
88 0.015625
90 0.000000
90 0.000000
90 0.000000
92 0.000000
92 0.000000
92 0.000000
94 0.000000
94 0.000000
94 0.000000
96 0.015625
96 0.000000
96 0.015625
98 0.000000
98 0.015625
98 0.000000
100 0.015625
100 0.000000
100 0.015625
110 0.000000
110 0.015625
110 0.000000
120 0.000000
120 0.000000
120 0.000000
130 0.000000
130 0.000000
130 0.015625
140 0.000000
140 0.015625
140 0.000000
150 0.000000
150 0.000000
150 0.015625
160 0.015625
160 0.015625
160 0.015625
170 0.015625
170 0.015625
170 0.015625
180 0.015625
180 0.015625
180 0.015625
190 0.000000
190 0.000000
190 0.015625
200 0.015625
200 0.015625
200 0.015625
210 0.000000
210 0.015625
210 0.000000
220 0.031250
220 0.015625
220 0.015625
230 0.015625
230 0.015625
230 0.015625
240 0.015625
240 0.015625
240 0.015625
250 0.015625
250 0.015625
250 0.015625
260 0.015625
260 0.000000
260 0.015625
270 0.015625
270 0.015625
270 0.000000
280 0.015625
280 0.015625
280 0.000000
290 0.000000
290 0.000000
290 0.015625
300 0.015625
300 0.031250
300 0.015625
400 0.015625
400 0.015625
400 0.015625
500 0.031250
500 0.031250
500 0.031250
600 0.046875
600 0.031250
600 0.046875
700 0.062500
700 0.078125
700 0.078125
800 0.109375
800 0.109375
800 0.109375
900 0.218750
900 0.218750
900 0.218750
