10 0.000000
11 0.000000
12 0.000000
13 0.000000
14 0.000000
15 0.000000
16 0.000000
17 0.000000
18 0.000000
19 0.000000
20 0.000000
21 0.000000
22 0.000000
23 0.000000
24 0.000000
25 0.000000
26 0.000000
27 0.000000
28 0.000000
29 0.000000
30 0.000000
31 0.000000
32 0.000000
33 0.000000
34 0.030000
35 0.020000
36 0.070000
37 0.200000
38 0.050000
39 0.110000
40 0.010000
42 0.310000
44 0.010000
46 0.050000
48 0.060000
50 0.040000
52 0.110000
54 0.210000
56 5.570000
58 3.790000
60 7.720000
62 9.920000
64 50.870000
66 3.580000
68 38.910000
70 253.100000
72 36.280000
74 23.670000
76 730.000000
78 165.930000
80 2919.450000
